<?xml version="1.0" encoding="UTF-8"?>
<testng-results ignored="0" total="1" passed="1" failed="0" skipped="0">
  <reporter-output>
  </reporter-output>
  <suite started-at="2022-06-08T22:25:06 SGT" name="Surefire suite" finished-at="2022-06-08T22:25:07 SGT" duration-ms="114">
    <groups>
    </groups>
    <test started-at="2022-06-08T22:25:06 SGT" name="Surefire test" finished-at="2022-06-08T22:25:07 SGT" duration-ms="114">
      <class name="vtp2022.day2.workshop.AppTest">
        <test-method signature="testBankAccount()" started-at="2022-06-08T22:25:06 SGT" name="testBankAccount" finished-at="2022-06-08T22:25:07 SGT" duration-ms="24" status="PASS">
          <reporter-output>
          </reporter-output>
        </test-method> <!-- testBankAccount -->
      </class> <!-- vtp2022.day2.workshop.AppTest -->
    </test> <!-- Surefire test -->
  </suite> <!-- Surefire suite -->
</testng-results>
