<?xml version="1.0" encoding="UTF-8"?>
<testsuite xmlns:xsi="http://www.w3.org/2001/XMLSchema-instance" xsi:noNamespaceSchemaLocation="https://maven.apache.org/surefire/maven-surefire-plugin/xsd/surefire-test-report.xsd" name="vtp2022.day2.workshop.AppTest" time="0.885" tests="1" errors="0" skipped="0" failures="0">
  <properties>
[...]
</properties>
  <testcase name="testBankAccount on testBankAccount(vtp2022.day2.workshop.AppTest)" classname="vtp2022.day2.workshop.AppTest" time="0.016"/>
</testsuite>